
reading lef ...

units:       1000
#layers:     13
#macros:     437
#vias:       25
#viarulegen: 25

reading def ...
defIn read 10000 components
defIn read 20000 components

design:      user_proj_example
die area:    ( 0 0 ) ( 600000 600000 )
trackPts:    12
defvias:     3
#components: 28264
#terminals:  606
#snets:      2
#nets:       1142

reading guide ...

#guides:     6154
Warning: met2 does not have viaDef align with layer direction, generating new viaDef via2_FR...
Warning: met4 does not have viaDef align with layer direction, generating new viaDef via4_FR...
done initConstraintLayerIdx
List of default vias:
  Layer mcon
    default via: L1M1_PR_MR
  Layer via
    default via: M1M2_PR
  Layer via2
    default via: via2_FR
  Layer via3
    default via: M3M4_PR_M
  Layer via4
    default via: via4_FR
Writing reference output def...

libcell analysis ...

instance analysis ...
  complete 10000 instances
  complete 20000 instances
#unique instances = 52

init region query ...
  complete 10000 insts
  complete 20000 insts
  complete FR_MASTERSLICE
  complete FR_VIA
  complete li1
  complete mcon
  complete met1
  complete via
  complete met2
  complete via2
  complete met3
  complete via3
  complete met4
  complete via4
  complete met5

FR_MASTERSLICE shape region query size = 0
FR_VIA shape region query size = 0
li1 shape region query size = 173543
mcon shape region query size = 543332
met1 shape region query size = 59101
via shape region query size = 3408
met2 shape region query size = 2308
via2 shape region query size = 3408
met3 shape region query size = 1704
via3 shape region query size = 3408
met4 shape region query size = 862
via4 shape region query size = 0
met5 shape region query size = 0


start pin access
  complete 98 pins
  complete 46 unique inst patterns
  complete 805 groups
Expt1 runtime (pin-level access point gen): 0.496756
Expt2 runtime (design-level access pattern gen): 0.0541278
#scanned instances     = 28264
#unique  instances     = 52
#stdCellGenAp          = 719
#stdCellValidPlanarAp  = 14
#stdCellValidViaAp     = 471
#stdCellPinNoAp        = 0
#stdCellPinCnt         = 2127
#instTermValidViaApCnt = 0
#macroGenAp            = 0
#macroValidPlanarAp    = 0
#macroValidViaAp       = 0
#macroNoAp             = 0

complete pin access
cpu time = 00:00:02, elapsed time = 00:00:00, memory = 66.84 (MB), peak = 78.58 (MB)

post process guides ...
GCELLGRID X -1 DO 86 STEP 6900 ;
GCELLGRID Y -1 DO 86 STEP 6900 ;
  complete FR_MASTERSLICE
  complete FR_VIA
  complete li1
  complete mcon
  complete met1
  complete via
  complete met2
  complete via2
  complete met3
  complete via3
  complete met4
  complete via4
  complete met5

building cmap ... 

init guide query ...
  complete FR_MASTERSLICE (guide)
  complete FR_VIA (guide)
  complete li1 (guide)
  complete mcon (guide)
  complete met1 (guide)
  complete via (guide)
  complete met2 (guide)
  complete via2 (guide)
  complete met3 (guide)
  complete via3 (guide)
  complete met4 (guide)
  complete via4 (guide)
  complete met5 (guide)

FR_MASTERSLICE guide region query size = 0
FR_VIA guide region query size = 0
li1 guide region query size = 2040
mcon guide region query size = 0
met1 guide region query size = 2061
via guide region query size = 0
met2 guide region query size = 1324
via2 guide region query size = 0
met3 guide region query size = 44
via3 guide region query size = 0
met4 guide region query size = 3
via4 guide region query size = 0
met5 guide region query size = 0

init gr pin query ...


start track assignment
Done with 3367 vertical wires in 2 frboxes and 2105 horizontal wires in 2 frboxes.
Done with 473 vertical wires in 2 frboxes and 1114 horizontal wires in 2 frboxes.

complete track assignment
cpu time = 00:00:03, elapsed time = 00:00:01, memory = 103.84 (MB), peak = 163.58 (MB)

post processing ...

start routing data preparation
initVia2ViaMinLen_minSpc li1 (d2d, d2u, u2d, u2u) = (0, 0, 0, 370)
initVia2ViaMinLen_minSpc met1 (d2d, d2u, u2d, u2u) = (430, 445, 445, 460)
initVia2ViaMinLen_minSpc met2 (d2d, d2u, u2d, u2u) = (460, 485, 485, 630)
initVia2ViaMinLen_minSpc met3 (d2d, d2u, u2d, u2u) = (630, 655, 655, 680)
initVia2ViaMinLen_minSpc met4 (d2d, d2u, u2d, u2u) = (630, 1055, 1055, 3020)
initVia2ViaMinLen_minSpc met5 (d2d, d2u, u2d, u2u) = (1480, 0, 0, 0)
initVia2ViaMinLen_minimumcut li1 (d2d, d2u, u2d, u2u) = (0, 0, 0, 370)
initVia2ViaMinLen_minimumcut li1 zerolen (b, b, b, b) = (1, 1, 1, 1)
initVia2ViaMinLen_minimumcut met1 (d2d, d2u, u2d, u2u) = (430, 445, 445, 460)
initVia2ViaMinLen_minimumcut met1 zerolen (b, b, b, b) = (1, 1, 1, 1)
initVia2ViaMinLen_minimumcut met2 (d2d, d2u, u2d, u2u) = (460, 485, 485, 630)
initVia2ViaMinLen_minimumcut met2 zerolen (b, b, b, b) = (1, 1, 1, 1)
initVia2ViaMinLen_minimumcut met3 (d2d, d2u, u2d, u2u) = (630, 655, 655, 680)
initVia2ViaMinLen_minimumcut met3 zerolen (b, b, b, b) = (1, 1, 1, 1)
initVia2ViaMinLen_minimumcut met4 (d2d, d2u, u2d, u2u) = (630, 1055, 1055, 3020)
initVia2ViaMinLen_minimumcut met4 zerolen (b, b, b, b) = (1, 1, 1, 1)
initVia2ViaMinLen_minimumcut met5 (d2d, d2u, u2d, u2u) = (1480, 0, 0, 0)
initVia2ViaMinLen_minimumcut met5 zerolen (b, b, b, b) = (1, 1, 1, 1)
initVia2ViaMinLenNew_minSpc li1 (d2d-x, d2d-y, d2u-x, d2u-y, u2d-x, u2d-y, u2u-x, u2u-y) = (0, 0, 0, 0, 0, 0, 430, 370)
initVia2ViaMinLenNew_minSpc met1 (d2d-x, d2d-y, d2u-x, d2u-y, u2d-x, u2d-y, u2u-x, u2u-y) = (430, 370, 445, 385, 445, 385, 460, 460)
initVia2ViaMinLenNew_minSpc met2 (d2d-x, d2d-y, d2u-x, d2u-y, u2d-x, u2d-y, u2u-x, u2u-y) = (460, 460, 410, 485, 410, 485, 630, 630)
initVia2ViaMinLenNew_minSpc met3 (d2d-x, d2d-y, d2u-x, d2u-y, u2d-x, u2d-y, u2u-x, u2u-y) = (630, 630, 655, 625, 655, 625, 680, 630)
initVia2ViaMinLenNew_minSpc met4 (d2d-x, d2d-y, d2u-x, d2u-y, u2d-x, u2d-y, u2u-x, u2u-y) = (680, 630, 1055, 1055, 1055, 1055, 3020, 3020)
initVia2ViaMinLenNew_minSpc met5 (d2d-x, d2d-y, d2u-x, d2u-y, u2d-x, u2d-y, u2u-x, u2u-y) = (1480, 1480, 0, 0, 0, 0, 0, 0)
initVia2ViaMinLenNew_minimumcut li1 (d2d-x, d2d-y, d2u-x, d2u-y, u2d-x, u2d-y, u2u-x, u2u-y) = (0, 0, 0, 0, 0, 0, 430, 370)
initVia2ViaMinLenNew_minimumcut met1 (d2d-x, d2d-y, d2u-x, d2u-y, u2d-x, u2d-y, u2u-x, u2u-y) = (430, 370, 445, 385, 445, 385, 460, 460)
initVia2ViaMinLenNew_minimumcut met2 (d2d-x, d2d-y, d2u-x, d2u-y, u2d-x, u2d-y, u2u-x, u2u-y) = (460, 460, 410, 485, 410, 485, 630, 630)
initVia2ViaMinLenNew_minimumcut met3 (d2d-x, d2d-y, d2u-x, d2u-y, u2d-x, u2d-y, u2u-x, u2u-y) = (630, 630, 655, 625, 655, 625, 680, 630)
initVia2ViaMinLenNew_minimumcut met4 (d2d-x, d2d-y, d2u-x, d2u-y, u2d-x, u2d-y, u2u-x, u2u-y) = (680, 630, 1055, 1055, 1055, 1055, 3020, 3020)
initVia2ViaMinLenNew_minimumcut met5 (d2d-x, d2d-y, d2u-x, d2u-y, u2d-x, u2d-y, u2u-x, u2u-y) = (1480, 1480, 0, 0, 0, 0, 0, 0)
initVia2ViaMinLenNew_cutSpc li1 (d2d-x, d2d-y, d2u-x, d2u-y, u2d-x, u2d-y, u2u-x, u2u-y) = (0, 0, 0, 0, 0, 0, 430, 370)
initVia2ViaMinLenNew_cutSpc met1 (d2d-x, d2d-y, d2u-x, d2u-y, u2d-x, u2d-y, u2u-x, u2u-y) = (430, 370, 445, 385, 445, 385, 460, 460)
initVia2ViaMinLenNew_cutSpc met2 (d2d-x, d2d-y, d2u-x, d2u-y, u2d-x, u2d-y, u2u-x, u2u-y) = (460, 460, 410, 485, 410, 485, 630, 630)
initVia2ViaMinLenNew_cutSpc met3 (d2d-x, d2d-y, d2u-x, d2u-y, u2d-x, u2d-y, u2u-x, u2u-y) = (630, 630, 655, 625, 655, 625, 680, 630)
initVia2ViaMinLenNew_cutSpc met4 (d2d-x, d2d-y, d2u-x, d2u-y, u2d-x, u2d-y, u2u-x, u2u-y) = (680, 630, 1055, 1055, 1055, 1055, 3020, 3020)
initVia2ViaMinLenNew_cutSpc met5 (d2d-x, d2d-y, d2u-x, d2u-y, u2d-x, u2d-y, u2u-x, u2u-y) = (1600, 1600, 0, 0, 0, 0, 0, 0)
cpu time = 00:00:00, elapsed time = 00:00:00, memory = 103.84 (MB), peak = 163.58 (MB)

start detail routing ...
start 0th optimization iteration ...
    completing 10% with 0 violations
    elapsed time = 00:00:00, memory = 162.00 (MB)
    completing 20% with 0 violations
    elapsed time = 00:00:02, memory = 168.61 (MB)
    completing 30% with 1144 violations
    elapsed time = 00:00:06, memory = 121.41 (MB)
    completing 40% with 1144 violations
    elapsed time = 00:00:07, memory = 157.01 (MB)
    completing 50% with 1144 violations
    elapsed time = 00:00:08, memory = 156.84 (MB)
    completing 60% with 1195 violations
    elapsed time = 00:00:09, memory = 151.44 (MB)
    completing 70% with 1195 violations
    elapsed time = 00:00:11, memory = 180.31 (MB)
    completing 80% with 1462 violations
    elapsed time = 00:00:16, memory = 137.41 (MB)
    completing 90% with 1462 violations
    elapsed time = 00:00:16, memory = 157.88 (MB)
    completing 100% with 1280 violations
    elapsed time = 00:00:18, memory = 115.30 (MB)
  number of violations = 1471
cpu time = 00:00:57, elapsed time = 00:00:18, memory = 443.75 (MB), peak = 443.82 (MB)
total wire length = 69650 um
total wire length on LAYER li1 = 26 um
total wire length on LAYER met1 = 27290 um
total wire length on LAYER met2 = 38447 um
total wire length on LAYER met3 = 3767 um
total wire length on LAYER met4 = 118 um
total wire length on LAYER met5 = 0 um
total number of vias = 5874
up-via summary (total 5874):

-----------------------
 FR_MASTERSLICE       0
            li1    2160
           met1    3373
           met2     325
           met3      16
           met4       0
-----------------------
                   5874


start 1st optimization iteration ...
    completing 10% with 1471 violations
    elapsed time = 00:00:00, memory = 475.03 (MB)
    completing 20% with 1471 violations
    elapsed time = 00:00:02, memory = 482.61 (MB)
    completing 30% with 1258 violations
    elapsed time = 00:00:03, memory = 440.97 (MB)
    completing 40% with 1258 violations
    elapsed time = 00:00:04, memory = 497.65 (MB)
    completing 50% with 1258 violations
    elapsed time = 00:00:05, memory = 502.29 (MB)
    completing 60% with 1122 violations
    elapsed time = 00:00:08, memory = 475.14 (MB)
    completing 70% with 1122 violations
    elapsed time = 00:00:10, memory = 474.46 (MB)
    completing 80% with 1001 violations
    elapsed time = 00:00:11, memory = 443.74 (MB)
    completing 90% with 1001 violations
    elapsed time = 00:00:12, memory = 487.09 (MB)
    completing 100% with 883 violations
    elapsed time = 00:00:15, memory = 434.12 (MB)
  number of violations = 883
cpu time = 00:00:46, elapsed time = 00:00:15, memory = 434.12 (MB), peak = 507.96 (MB)
total wire length = 69508 um
total wire length on LAYER li1 = 29 um
total wire length on LAYER met1 = 27018 um
total wire length on LAYER met2 = 38403 um
total wire length on LAYER met3 = 3953 um
total wire length on LAYER met4 = 104 um
total wire length on LAYER met5 = 0 um
total number of vias = 5883
up-via summary (total 5883):

-----------------------
 FR_MASTERSLICE       0
            li1    2172
           met1    3330
           met2     361
           met3      20
           met4       0
-----------------------
                   5883


start 2nd optimization iteration ...
    completing 10% with 883 violations
    elapsed time = 00:00:00, memory = 474.32 (MB)
    completing 20% with 883 violations
    elapsed time = 00:00:00, memory = 476.59 (MB)
    completing 30% with 910 violations
    elapsed time = 00:00:01, memory = 438.50 (MB)
    completing 40% with 910 violations
    elapsed time = 00:00:02, memory = 494.29 (MB)
    completing 50% with 910 violations
    elapsed time = 00:00:03, memory = 508.34 (MB)
    completing 60% with 1025 violations
    elapsed time = 00:00:06, memory = 473.32 (MB)
    completing 70% with 1025 violations
    elapsed time = 00:00:07, memory = 477.10 (MB)
    completing 80% with 1049 violations
    elapsed time = 00:00:07, memory = 454.88 (MB)
    completing 90% with 1049 violations
    elapsed time = 00:00:09, memory = 509.30 (MB)
    completing 100% with 962 violations
    elapsed time = 00:00:15, memory = 450.07 (MB)
  number of violations = 962
cpu time = 00:00:46, elapsed time = 00:00:15, memory = 450.07 (MB), peak = 515.54 (MB)
total wire length = 69269 um
total wire length on LAYER li1 = 22 um
total wire length on LAYER met1 = 26679 um
total wire length on LAYER met2 = 38260 um
total wire length on LAYER met3 = 4130 um
total wire length on LAYER met4 = 177 um
total wire length on LAYER met5 = 0 um
total number of vias = 5787
up-via summary (total 5787):

-----------------------
 FR_MASTERSLICE       0
            li1    2154
           met1    3244
           met2     365
           met3      24
           met4       0
-----------------------
                   5787


start 3rd optimization iteration ...
    completing 10% with 962 violations
    elapsed time = 00:00:02, memory = 490.14 (MB)
    completing 20% with 962 violations
    elapsed time = 00:00:04, memory = 497.25 (MB)
    completing 30% with 732 violations
    elapsed time = 00:00:06, memory = 452.05 (MB)
    completing 40% with 732 violations
    elapsed time = 00:00:08, memory = 491.75 (MB)
    completing 50% with 732 violations
    elapsed time = 00:00:09, memory = 486.20 (MB)
    completing 60% with 551 violations
    elapsed time = 00:00:11, memory = 505.73 (MB)
    completing 70% with 551 violations
    elapsed time = 00:00:13, memory = 485.38 (MB)
    completing 80% with 316 violations
    elapsed time = 00:00:14, memory = 464.93 (MB)
    completing 90% with 316 violations
    elapsed time = 00:00:16, memory = 493.81 (MB)
    completing 100% with 156 violations
    elapsed time = 00:00:17, memory = 458.16 (MB)
  number of violations = 156
cpu time = 00:01:02, elapsed time = 00:00:17, memory = 458.16 (MB), peak = 515.54 (MB)
total wire length = 69163 um
total wire length on LAYER li1 = 23 um
total wire length on LAYER met1 = 24221 um
total wire length on LAYER met2 = 37956 um
total wire length on LAYER met3 = 6576 um
total wire length on LAYER met4 = 384 um
total wire length on LAYER met5 = 0 um
total number of vias = 6222
up-via summary (total 6222):

-----------------------
 FR_MASTERSLICE       0
            li1    2154
           met1    3409
           met2     609
           met3      50
           met4       0
-----------------------
                   6222


start 4th optimization iteration ...
    completing 10% with 156 violations
    elapsed time = 00:00:01, memory = 476.16 (MB)
    completing 20% with 156 violations
    elapsed time = 00:00:01, memory = 479.86 (MB)
    completing 30% with 122 violations
    elapsed time = 00:00:02, memory = 449.52 (MB)
    completing 40% with 122 violations
    elapsed time = 00:00:03, memory = 479.34 (MB)
    completing 50% with 122 violations
    elapsed time = 00:00:03, memory = 479.67 (MB)
    completing 60% with 59 violations
    elapsed time = 00:00:04, memory = 462.11 (MB)
    completing 70% with 59 violations
    elapsed time = 00:00:04, memory = 471.12 (MB)
    completing 80% with 42 violations
    elapsed time = 00:00:05, memory = 457.28 (MB)
    completing 90% with 42 violations
    elapsed time = 00:00:06, memory = 484.07 (MB)
    completing 100% with 22 violations
    elapsed time = 00:00:06, memory = 434.56 (MB)
  number of violations = 22
cpu time = 00:00:25, elapsed time = 00:00:06, memory = 434.56 (MB), peak = 515.54 (MB)
total wire length = 69176 um
total wire length on LAYER li1 = 23 um
total wire length on LAYER met1 = 24174 um
total wire length on LAYER met2 = 37938 um
total wire length on LAYER met3 = 6646 um
total wire length on LAYER met4 = 393 um
total wire length on LAYER met5 = 0 um
total number of vias = 6266
up-via summary (total 6266):

-----------------------
 FR_MASTERSLICE       0
            li1    2156
           met1    3445
           met2     615
           met3      50
           met4       0
-----------------------
                   6266


start 5th optimization iteration ...
    completing 10% with 22 violations
    elapsed time = 00:00:00, memory = 469.51 (MB)
    completing 20% with 22 violations
    elapsed time = 00:00:00, memory = 468.32 (MB)
    completing 30% with 19 violations
    elapsed time = 00:00:01, memory = 447.14 (MB)
    completing 40% with 19 violations
    elapsed time = 00:00:01, memory = 467.71 (MB)
    completing 50% with 19 violations
    elapsed time = 00:00:01, memory = 466.15 (MB)
    completing 60% with 18 violations
    elapsed time = 00:00:02, memory = 455.74 (MB)
    completing 70% with 18 violations
    elapsed time = 00:00:02, memory = 471.66 (MB)
    completing 80% with 11 violations
    elapsed time = 00:00:03, memory = 460.45 (MB)
    completing 90% with 11 violations
    elapsed time = 00:00:03, memory = 457.70 (MB)
    completing 100% with 5 violations
    elapsed time = 00:00:03, memory = 451.07 (MB)
  number of violations = 5
cpu time = 00:00:15, elapsed time = 00:00:04, memory = 451.07 (MB), peak = 515.54 (MB)
total wire length = 69187 um
total wire length on LAYER li1 = 23 um
total wire length on LAYER met1 = 24185 um
total wire length on LAYER met2 = 37933 um
total wire length on LAYER met3 = 6650 um
total wire length on LAYER met4 = 393 um
total wire length on LAYER met5 = 0 um
total number of vias = 6294
up-via summary (total 6294):

-----------------------
 FR_MASTERSLICE       0
            li1    2156
           met1    3467
           met2     621
           met3      50
           met4       0
-----------------------
                   6294


start 6th optimization iteration ...
    completing 10% with 5 violations
    elapsed time = 00:00:00, memory = 467.72 (MB)
    completing 20% with 5 violations
    elapsed time = 00:00:00, memory = 467.23 (MB)
    completing 30% with 3 violations
    elapsed time = 00:00:00, memory = 447.60 (MB)
    completing 40% with 3 violations
    elapsed time = 00:00:01, memory = 458.32 (MB)
    completing 50% with 3 violations
    elapsed time = 00:00:01, memory = 459.56 (MB)
    completing 60% with 0 violations
    elapsed time = 00:00:02, memory = 454.57 (MB)
    completing 70% with 0 violations
    elapsed time = 00:00:02, memory = 448.21 (MB)
    completing 80% with 0 violations
    elapsed time = 00:00:02, memory = 456.77 (MB)
    completing 90% with 0 violations
    elapsed time = 00:00:03, memory = 455.48 (MB)
    completing 100% with 0 violations
    elapsed time = 00:00:03, memory = 454.55 (MB)
  number of violations = 0
cpu time = 00:00:13, elapsed time = 00:00:03, memory = 454.55 (MB), peak = 515.54 (MB)
total wire length = 69188 um
total wire length on LAYER li1 = 23 um
total wire length on LAYER met1 = 24187 um
total wire length on LAYER met2 = 37931 um
total wire length on LAYER met3 = 6650 um
total wire length on LAYER met4 = 393 um
total wire length on LAYER met5 = 0 um
total number of vias = 6298
up-via summary (total 6298):

-----------------------
 FR_MASTERSLICE       0
            li1    2156
           met1    3471
           met2     621
           met3      50
           met4       0
-----------------------
                   6298


start 17th optimization iteration ...
    completing 10% with 0 violations
    elapsed time = 00:00:00, memory = 449.94 (MB)
    completing 20% with 0 violations
    elapsed time = 00:00:00, memory = 454.14 (MB)
    completing 30% with 0 violations
    elapsed time = 00:00:00, memory = 439.96 (MB)
    completing 40% with 0 violations
    elapsed time = 00:00:01, memory = 450.15 (MB)
    completing 50% with 0 violations
    elapsed time = 00:00:01, memory = 456.39 (MB)
    completing 60% with 0 violations
    elapsed time = 00:00:01, memory = 450.49 (MB)
    completing 70% with 0 violations
    elapsed time = 00:00:02, memory = 451.55 (MB)
    completing 80% with 0 violations
    elapsed time = 00:00:02, memory = 456.67 (MB)
    completing 90% with 0 violations
    elapsed time = 00:00:02, memory = 456.10 (MB)
    completing 100% with 0 violations
    elapsed time = 00:00:03, memory = 454.56 (MB)
  number of violations = 0
cpu time = 00:00:11, elapsed time = 00:00:03, memory = 454.56 (MB), peak = 515.54 (MB)
total wire length = 69188 um
total wire length on LAYER li1 = 23 um
total wire length on LAYER met1 = 24187 um
total wire length on LAYER met2 = 37931 um
total wire length on LAYER met3 = 6650 um
total wire length on LAYER met4 = 393 um
total wire length on LAYER met5 = 0 um
total number of vias = 6298
up-via summary (total 6298):

-----------------------
 FR_MASTERSLICE       0
            li1    2156
           met1    3471
           met2     621
           met3      50
           met4       0
-----------------------
                   6298


start 25th optimization iteration ...
    completing 10% with 0 violations
    elapsed time = 00:00:00, memory = 445.49 (MB)
    completing 20% with 0 violations
    elapsed time = 00:00:00, memory = 445.57 (MB)
    completing 30% with 0 violations
    elapsed time = 00:00:00, memory = 442.23 (MB)
    completing 40% with 0 violations
    elapsed time = 00:00:01, memory = 445.14 (MB)
    completing 50% with 0 violations
    elapsed time = 00:00:01, memory = 445.35 (MB)
    completing 60% with 0 violations
    elapsed time = 00:00:02, memory = 446.34 (MB)
    completing 70% with 0 violations
    elapsed time = 00:00:02, memory = 444.69 (MB)
    completing 80% with 0 violations
    elapsed time = 00:00:02, memory = 443.03 (MB)
    completing 90% with 0 violations
    elapsed time = 00:00:03, memory = 438.80 (MB)
    completing 100% with 0 violations
    elapsed time = 00:00:03, memory = 436.41 (MB)
  number of violations = 0
cpu time = 00:00:13, elapsed time = 00:00:03, memory = 436.41 (MB), peak = 515.54 (MB)
total wire length = 69188 um
total wire length on LAYER li1 = 23 um
total wire length on LAYER met1 = 24187 um
total wire length on LAYER met2 = 37931 um
total wire length on LAYER met3 = 6650 um
total wire length on LAYER met4 = 393 um
total wire length on LAYER met5 = 0 um
total number of vias = 6298
up-via summary (total 6298):

-----------------------
 FR_MASTERSLICE       0
            li1    2156
           met1    3471
           met2     621
           met3      50
           met4       0
-----------------------
                   6298


start 33rd optimization iteration ...
    completing 10% with 0 violations
    elapsed time = 00:00:00, memory = 438.31 (MB)
    completing 20% with 0 violations
    elapsed time = 00:00:00, memory = 438.79 (MB)
    completing 30% with 0 violations
    elapsed time = 00:00:01, memory = 438.92 (MB)
    completing 40% with 0 violations
    elapsed time = 00:00:01, memory = 438.76 (MB)
    completing 50% with 0 violations
    elapsed time = 00:00:01, memory = 437.89 (MB)
    completing 60% with 0 violations
    elapsed time = 00:00:02, memory = 438.91 (MB)
    completing 70% with 0 violations
    elapsed time = 00:00:02, memory = 436.43 (MB)
    completing 80% with 0 violations
    elapsed time = 00:00:03, memory = 438.41 (MB)
    completing 90% with 0 violations
    elapsed time = 00:00:03, memory = 439.11 (MB)
    completing 100% with 0 violations
    elapsed time = 00:00:03, memory = 439.09 (MB)
  number of violations = 0
cpu time = 00:00:15, elapsed time = 00:00:03, memory = 439.09 (MB), peak = 515.54 (MB)
total wire length = 69188 um
total wire length on LAYER li1 = 23 um
total wire length on LAYER met1 = 24187 um
total wire length on LAYER met2 = 37931 um
total wire length on LAYER met3 = 6650 um
total wire length on LAYER met4 = 393 um
total wire length on LAYER met5 = 0 um
total number of vias = 6298
up-via summary (total 6298):

-----------------------
 FR_MASTERSLICE       0
            li1    2156
           met1    3471
           met2     621
           met3      50
           met4       0
-----------------------
                   6298


start 41st optimization iteration ...
    completing 10% with 0 violations
    elapsed time = 00:00:00, memory = 437.60 (MB)
    completing 20% with 0 violations
    elapsed time = 00:00:00, memory = 437.50 (MB)
    completing 30% with 0 violations
    elapsed time = 00:00:01, memory = 440.49 (MB)
    completing 40% with 0 violations
    elapsed time = 00:00:01, memory = 438.57 (MB)
    completing 50% with 0 violations
    elapsed time = 00:00:01, memory = 437.44 (MB)
    completing 60% with 0 violations
    elapsed time = 00:00:02, memory = 437.15 (MB)
    completing 70% with 0 violations
    elapsed time = 00:00:02, memory = 437.14 (MB)
    completing 80% with 0 violations
    elapsed time = 00:00:03, memory = 438.69 (MB)
    completing 90% with 0 violations
    elapsed time = 00:00:03, memory = 438.52 (MB)
    completing 100% with 0 violations
    elapsed time = 00:00:03, memory = 434.77 (MB)
  number of violations = 0
cpu time = 00:00:15, elapsed time = 00:00:03, memory = 434.77 (MB), peak = 515.54 (MB)
total wire length = 69188 um
total wire length on LAYER li1 = 23 um
total wire length on LAYER met1 = 24187 um
total wire length on LAYER met2 = 37931 um
total wire length on LAYER met3 = 6650 um
total wire length on LAYER met4 = 393 um
total wire length on LAYER met5 = 0 um
total number of vias = 6298
up-via summary (total 6298):

-----------------------
 FR_MASTERSLICE       0
            li1    2156
           met1    3471
           met2     621
           met3      50
           met4       0
-----------------------
                   6298


start 49th optimization iteration ...
    completing 10% with 0 violations
    elapsed time = 00:00:00, memory = 438.76 (MB)
    completing 20% with 0 violations
    elapsed time = 00:00:00, memory = 437.84 (MB)
    completing 30% with 0 violations
    elapsed time = 00:00:01, memory = 439.00 (MB)
    completing 40% with 0 violations
    elapsed time = 00:00:01, memory = 438.89 (MB)
    completing 50% with 0 violations
    elapsed time = 00:00:01, memory = 438.98 (MB)
    completing 60% with 0 violations
    elapsed time = 00:00:02, memory = 437.97 (MB)
    completing 70% with 0 violations
    elapsed time = 00:00:02, memory = 438.85 (MB)
    completing 80% with 0 violations
    elapsed time = 00:00:03, memory = 438.24 (MB)
    completing 90% with 0 violations
    elapsed time = 00:00:03, memory = 436.68 (MB)
    completing 100% with 0 violations
    elapsed time = 00:00:03, memory = 437.38 (MB)
  number of violations = 0
cpu time = 00:00:15, elapsed time = 00:00:03, memory = 437.38 (MB), peak = 515.54 (MB)
total wire length = 69188 um
total wire length on LAYER li1 = 23 um
total wire length on LAYER met1 = 24187 um
total wire length on LAYER met2 = 37931 um
total wire length on LAYER met3 = 6650 um
total wire length on LAYER met4 = 393 um
total wire length on LAYER met5 = 0 um
total number of vias = 6298
up-via summary (total 6298):

-----------------------
 FR_MASTERSLICE       0
            li1    2156
           met1    3471
           met2     621
           met3      50
           met4       0
-----------------------
                   6298


start 57th optimization iteration ...
    completing 10% with 0 violations
    elapsed time = 00:00:00, memory = 438.99 (MB)
    completing 20% with 0 violations
    elapsed time = 00:00:00, memory = 438.89 (MB)
    completing 30% with 0 violations
    elapsed time = 00:00:01, memory = 438.77 (MB)
    completing 40% with 0 violations
    elapsed time = 00:00:01, memory = 438.61 (MB)
    completing 50% with 0 violations
    elapsed time = 00:00:01, memory = 437.89 (MB)
    completing 60% with 0 violations
    elapsed time = 00:00:02, memory = 438.75 (MB)
    completing 70% with 0 violations
    elapsed time = 00:00:02, memory = 437.04 (MB)
    completing 80% with 0 violations
    elapsed time = 00:00:03, memory = 438.70 (MB)
    completing 90% with 0 violations
    elapsed time = 00:00:03, memory = 438.77 (MB)
    completing 100% with 0 violations
    elapsed time = 00:00:03, memory = 438.94 (MB)
  number of violations = 0
cpu time = 00:00:15, elapsed time = 00:00:03, memory = 438.94 (MB), peak = 515.54 (MB)
total wire length = 69188 um
total wire length on LAYER li1 = 23 um
total wire length on LAYER met1 = 24187 um
total wire length on LAYER met2 = 37931 um
total wire length on LAYER met3 = 6650 um
total wire length on LAYER met4 = 393 um
total wire length on LAYER met5 = 0 um
total number of vias = 6298
up-via summary (total 6298):

-----------------------
 FR_MASTERSLICE       0
            li1    2156
           met1    3471
           met2     621
           met3      50
           met4       0
-----------------------
                   6298


complete detail routing
total wire length = 69188 um
total wire length on LAYER li1 = 23 um
total wire length on LAYER met1 = 24187 um
total wire length on LAYER met2 = 37931 um
total wire length on LAYER met3 = 6650 um
total wire length on LAYER met4 = 393 um
total wire length on LAYER met5 = 0 um
total number of vias = 6298
up-via summary (total 6298):

-----------------------
 FR_MASTERSLICE       0
            li1    2156
           met1    3471
           met2     621
           met3      50
           met4       0
-----------------------
                   6298

cpu time = 00:05:52, elapsed time = 00:01:43, memory = 438.94 (MB), peak = 515.54 (MB)

post processing ...

Runtime taken (hrt): 107.957
